-------------------------------------------------------------------------------
Test set: com.hitss.sonarqube.java.checks.HardcodedCredentialsCheckTest
-------------------------------------------------------------------------------
Tests run: 1, Failures: 1, Errors: 0, Skipped: 0, Time elapsed: 0.771 s <<< FAILURE! - in com.hitss.sonarqube.java.checks.HardcodedCredentialsCheckTest
detected(com.hitss.sonarqube.java.checks.HardcodedCredentialsCheckTest)  Time elapsed: 0.77 s  <<< FAILURE!
java.lang.AssertionError: Unexpected at [5, 6, 7, 8]
	at com.hitss.sonarqube.java.checks.HardcodedCredentialsCheckTest.detected(HardcodedCredentialsCheckTest.java:12)

